<?xml version="1.0" encoding="UTF-8"?>
<!-- Generated by org.testng.reporters.JUnitXMLReporter -->
<testsuite ignored="0" hostname="NODE225" failures="0" tests="5" name="Default test" time="46.946" errors="0" timestamp="21 Jun 2018 06:46:25 GMT">
  <testcase classname="mercurypack.DDTExcel" name="DemoProject" time="9.72"/>
  <testcase classname="mercurypack.DDTExcel" name="DemoProject" time="8.304"/>
  <testcase classname="mercurypack.DDTExcel" name="DemoProject" time="8.073"/>
  <testcase classname="mercurypack.DDTExcel" name="DemoProject" time="8.585"/>
  <testcase classname="mercurypack.DDTExcel" name="DemoProject" time="7.991"/>
</testsuite> <!-- Default test -->
