<?xml version="1.0" encoding="UTF-8"?>
<testng-results ignored="0" total="5" passed="5" failed="0" skipped="0">
  <reporter-output>
  </reporter-output>
  <suite started-at="2018-06-21T06:45:38Z" name="Default suite" finished-at="2018-06-21T06:46:25Z" duration-ms="46946">
    <groups>
    </groups>
    <test started-at="2018-06-21T06:45:38Z" name="Default test" finished-at="2018-06-21T06:46:25Z" duration-ms="46946">
      <class name="mercurypack.DDTExcel">
        <test-method signature="DemoProject(java.lang.String, java.lang.String)[pri:0, instance:mercurypack.DDTExcel@5c671d7f]" started-at="2018-06-21T06:45:39Z" name="DemoProject" data-provider="testdata" finished-at="2018-06-21T06:45:49Z" duration-ms="9720" status="PASS">
          <params>
            <param index="0">
              <value>
                <![CDATA[Hardik]]>
              </value>
            </param>
            <param index="1">
              <value>
                <![CDATA[password]]>
              </value>
            </param>
          </params>
          <reporter-output>
          </reporter-output>
        </test-method> <!-- DemoProject -->
        <test-method is-config="true" signature="ProgramTermination()[pri:0, instance:mercurypack.DDTExcel@5c671d7f]" started-at="2018-06-21T06:45:49Z" name="ProgramTermination" finished-at="2018-06-21T06:45:49Z" duration-ms="710" status="PASS">
          <reporter-output>
          </reporter-output>
        </test-method> <!-- ProgramTermination -->
        <test-method signature="DemoProject(java.lang.String, java.lang.String)[pri:0, instance:mercurypack.DDTExcel@5c671d7f]" started-at="2018-06-21T06:45:49Z" name="DemoProject" data-provider="testdata" finished-at="2018-06-21T06:45:58Z" duration-ms="8304" status="PASS">
          <params>
            <param index="0">
              <value>
                <![CDATA[Lakshya]]>
              </value>
            </param>
            <param index="1">
              <value>
                <![CDATA[password]]>
              </value>
            </param>
          </params>
          <reporter-output>
          </reporter-output>
        </test-method> <!-- DemoProject -->
        <test-method is-config="true" signature="ProgramTermination()[pri:0, instance:mercurypack.DDTExcel@5c671d7f]" started-at="2018-06-21T06:45:58Z" name="ProgramTermination" finished-at="2018-06-21T06:45:58Z" duration-ms="689" status="PASS">
          <reporter-output>
          </reporter-output>
        </test-method> <!-- ProgramTermination -->
        <test-method signature="DemoProject(java.lang.String, java.lang.String)[pri:0, instance:mercurypack.DDTExcel@5c671d7f]" started-at="2018-06-21T06:45:58Z" name="DemoProject" data-provider="testdata" finished-at="2018-06-21T06:46:07Z" duration-ms="8073" status="PASS">
          <params>
            <param index="0">
              <value>
                <![CDATA[Tanvi]]>
              </value>
            </param>
            <param index="1">
              <value>
                <![CDATA[password]]>
              </value>
            </param>
          </params>
          <reporter-output>
          </reporter-output>
        </test-method> <!-- DemoProject -->
        <test-method is-config="true" signature="ProgramTermination()[pri:0, instance:mercurypack.DDTExcel@5c671d7f]" started-at="2018-06-21T06:46:07Z" name="ProgramTermination" finished-at="2018-06-21T06:46:07Z" duration-ms="680" status="PASS">
          <reporter-output>
          </reporter-output>
        </test-method> <!-- ProgramTermination -->
        <test-method signature="DemoProject(java.lang.String, java.lang.String)[pri:0, instance:mercurypack.DDTExcel@5c671d7f]" started-at="2018-06-21T06:46:07Z" name="DemoProject" data-provider="testdata" finished-at="2018-06-21T06:46:16Z" duration-ms="8585" status="PASS">
          <params>
            <param index="0">
              <value>
                <![CDATA[Harman]]>
              </value>
            </param>
            <param index="1">
              <value>
                <![CDATA[password]]>
              </value>
            </param>
          </params>
          <reporter-output>
          </reporter-output>
        </test-method> <!-- DemoProject -->
        <test-method is-config="true" signature="ProgramTermination()[pri:0, instance:mercurypack.DDTExcel@5c671d7f]" started-at="2018-06-21T06:46:16Z" name="ProgramTermination" finished-at="2018-06-21T06:46:16Z" duration-ms="716" status="PASS">
          <reporter-output>
          </reporter-output>
        </test-method> <!-- ProgramTermination -->
        <test-method signature="DemoProject(java.lang.String, java.lang.String)[pri:0, instance:mercurypack.DDTExcel@5c671d7f]" started-at="2018-06-21T06:46:16Z" name="DemoProject" data-provider="testdata" finished-at="2018-06-21T06:46:24Z" duration-ms="7991" status="PASS">
          <params>
            <param index="0">
              <value>
                <![CDATA[admin ]]>
              </value>
            </param>
            <param index="1">
              <value>
                <![CDATA[password]]>
              </value>
            </param>
          </params>
          <reporter-output>
          </reporter-output>
        </test-method> <!-- DemoProject -->
        <test-method is-config="true" signature="ProgramTermination()[pri:0, instance:mercurypack.DDTExcel@5c671d7f]" started-at="2018-06-21T06:46:24Z" name="ProgramTermination" finished-at="2018-06-21T06:46:25Z" duration-ms="825" status="PASS">
          <reporter-output>
          </reporter-output>
        </test-method> <!-- ProgramTermination -->
      </class> <!-- mercurypack.DDTExcel -->
    </test> <!-- Default test -->
  </suite> <!-- Default suite -->
</testng-results>
